<?xml version="1.0" encoding="UTF-8"?>
<!-- Generated by org.testng.reporters.JUnitReportReporter -->
<testsuite skipped="0" hostname="LAPTOP-Q8UQAUDS" name="testNG.Sample3" tests="3" failures="0" timestamp="2023-05-15T08:55:05 IST" time="0.022" errors="0">
  <testcase name="AddStockToWatchlist" time="0.015" classname="testNG.Sample3"/>
  <system-out>
-------Stock is added ---------  </system-out>
  <testcase name="ValidateUserName" time="0.003" classname="testNG.Sample3"/>
  <system-out>
-------Test Is pass Name is Matching---------  </system-out>
  <testcase name="VerifyPN" time="0.004" classname="testNG.Sample3"/>
  <system-out>
-----Test is pass-------  </system-out>
</testsuite> <!-- testNG.Sample3 -->
