<?xml version="1.0" encoding="UTF-8"?>
<!-- Generated by org.testng.reporters.JUnitReportReporter -->
<testsuite skipped="0" hostname="LAPTOP-Q8UQAUDS" name="testNG.Grouping_TC" tests="3" failures="0" timestamp="2023-05-23T08:32:20 IST" time="0.049" errors="0">
  <testcase name="Test1" time="0.040" classname="testNG.Grouping_TC"/>
  <system-out>
Test 1 is running  </system-out>
  <testcase name="Test5" time="0.005" classname="testNG.Grouping_TC"/>
  <system-out>
Test 5 is running  </system-out>
  <testcase name="Test7" time="0.004" classname="testNG.Grouping_TC"/>
  <system-out>
Test 7 is running  </system-out>
</testsuite> <!-- testNG.Grouping_TC -->
