<?xml version="1.0" encoding="UTF-8"?>
<!-- Generated by org.testng.reporters.JUnitReportReporter -->
<testsuite skipped="0" hostname="LAPTOP-Q8UQAUDS" name="testNG.Sample1" tests="5" failures="0" timestamp="2023-05-15T08:32:05 IST" time="0.054" errors="0">
  <testcase name="m2" time="0.004" classname="testNG.Sample1"/>
  <system-out>
M2 is Running  </system-out>
  <testcase name="m4" time="0.007" classname="testNG.Sample1"/>
  <system-out>
M4 is Running  </system-out>
  <testcase name="m5" time="0.008" classname="testNG.Sample1"/>
  <system-out>
M5 is Running  </system-out>
  <testcase name="m3" time="0.008" classname="testNG.Sample1"/>
  <system-out>
M3 is Running  </system-out>
  <testcase name="m1" time="0.027" classname="testNG.Sample1"/>
  <system-out>
M1 is Running  </system-out>
</testsuite> <!-- testNG.Sample1 -->
