<?xml version="1.0" encoding="UTF-8"?>
<!-- Generated by org.testng.reporters.JUnitReportReporter -->
<testsuite skipped="0" hostname="LAPTOP-Q8UQAUDS" name="testNG.Soft_Assert_Verification" tests="1" failures="0" timestamp="2023-05-17T08:22:49 IST" time="0.024" errors="0">
  <testcase name="test" time="0.024" classname="testNG.Soft_Assert_Verification"/>
  <system-out/>
</testsuite> <!-- testNG.Soft_Assert_Verification -->
