<?xml version="1.0" encoding="UTF-8"?>
<!-- Generated by org.testng.reporters.JUnitReportReporter -->
<testsuite skipped="0" hostname="LAPTOP-Q8UQAUDS" name="testNG.Grouping_TC2" tests="12" failures="0" timestamp="2023-05-25T08:54:31 IST" time="0.049" errors="0">
  <testcase name="Test7" time="0.009" classname="testNG.Grouping_TC2"/>
  <system-out>
Test 7 is running  </system-out>
  <testcase name="Test12" time="0.003" classname="testNG.Grouping_TC2"/>
  <system-out>
Test 12 is running  </system-out>
  <testcase name="Test3" time="0.002" classname="testNG.Grouping_TC2"/>
  <system-out>
Test 3 is running  </system-out>
  <testcase name="Test9" time="0.001" classname="testNG.Grouping_TC2"/>
  <system-out>
Test 9 is running  </system-out>
  <testcase name="Test10" time="0.001" classname="testNG.Grouping_TC2"/>
  <system-out>
Test 10 is running  </system-out>
  <testcase name="Test2" time="0.002" classname="testNG.Grouping_TC2"/>
  <system-out>
Test 2 is running  </system-out>
  <testcase name="Test5" time="0.001" classname="testNG.Grouping_TC2"/>
  <system-out>
Test 5 is running  </system-out>
  <testcase name="Test1" time="0.017" classname="testNG.Grouping_TC2"/>
  <system-out>
Test 1 is running  </system-out>
  <testcase name="Test11" time="0.002" classname="testNG.Grouping_TC2"/>
  <system-out>
Test 11 is running  </system-out>
  <testcase name="Test6" time="0.002" classname="testNG.Grouping_TC2"/>
  <system-out>
Test 6 is running  </system-out>
  <testcase name="Test4" time="0.002" classname="testNG.Grouping_TC2"/>
  <system-out>
Test 4 is running  </system-out>
  <testcase name="Test8" time="0.007" classname="testNG.Grouping_TC2"/>
  <system-out>
Test 8 is running  </system-out>
</testsuite> <!-- testNG.Grouping_TC2 -->
