<?xml version="1.0" encoding="UTF-8"?>
<!-- Generated by org.testng.reporters.JUnitReportReporter -->
<testsuite skipped="0" hostname="LAPTOP-Q8UQAUDS" name="testNG.Run_failed_test" tests="5" failures="0" timestamp="2023-05-19T09:00:10 IST" time="0.038" errors="0">
  <testcase name="Test3" time="0.002" classname="testNG.Run_failed_test"/>
  <system-out>
Test 3 is running  </system-out>
  <testcase name="Test6" time="0.003" classname="testNG.Run_failed_test"/>
  <system-out>
Test 6 is running  </system-out>
  <testcase name="Test7" time="0.002" classname="testNG.Run_failed_test"/>
  <system-out>
Test 7 is running  </system-out>
  <testcase name="Test4" time="0.002" classname="testNG.Run_failed_test"/>
  <system-out>
Test 4 is running  </system-out>
  <testcase name="Test2" time="0.029" classname="testNG.Run_failed_test"/>
  <system-out>
Test 2 is running  </system-out>
</testsuite> <!-- testNG.Run_failed_test -->
