<?xml version="1.0" encoding="UTF-8"?>
<!-- Generated by org.testng.reporters.JUnitReportReporter -->
<testsuite skipped="0" hostname="LAPTOP-Q8UQAUDS" name="testNG.Sample4" tests="11" failures="0" timestamp="2023-05-16T08:17:17 IST" time="0.065" errors="0">
  <testcase name="m1" time="0.002" classname="testNG.Sample4"/>
  <system-out>
M1 is running  </system-out>
  <testcase name="m1" time="0.002" classname="testNG.Sample4"/>
  <system-out>
M1 is running  </system-out>
  <testcase name="m1" time="0.004" classname="testNG.Sample4"/>
  <system-out>
M1 is running  </system-out>
  <testcase name="m1" time="0.007" classname="testNG.Sample4"/>
  <system-out>
M1 is running  </system-out>
  <testcase name="m1" time="0.005" classname="testNG.Sample4"/>
  <system-out>
M1 is running  </system-out>
  <testcase name="m1" time="0.002" classname="testNG.Sample4"/>
  <system-out>
M1 is running  </system-out>
  <testcase name="m1" time="0.002" classname="testNG.Sample4"/>
  <system-out>
M1 is running  </system-out>
  <testcase name="m1" time="0.029" classname="testNG.Sample4"/>
  <system-out>
M1 is running  </system-out>
  <testcase name="m2" time="0.002" classname="testNG.Sample4"/>
  <system-out>
M2 is running  </system-out>
  <testcase name="m1" time="0.008" classname="testNG.Sample4"/>
  <system-out>
M1 is running  </system-out>
  <testcase name="m1" time="0.002" classname="testNG.Sample4"/>
  <system-out>
M1 is running  </system-out>
</testsuite> <!-- testNG.Sample4 -->
